<?xml version="1.0" encoding="UTF-8"?>
<!-- Generated by org.testng.reporters.JUnitXMLReporter -->
<testsuite hostname="DESKTOP-LCI2JQ2" ignored="0" name="Test" tests="4" failures="0" timestamp="30 Aug 2020 15:11:08 GMT" time="0.635" errors="0">
  <testcase name="BrowserAUtomation" time="0.106" classname="qaclickacademy.SeleniumTest"/>
  <testcase name="elementsUi" time="0.013" classname="qaclickacademy.SeleniumTest"/>
  <testcase name="deleteTwitter" time="0.007" classname="qaclickacademy.RESTAPITest"/>
  <testcase name="postJira" time="0.013" classname="qaclickacademy.RESTAPITest"/>
</testsuite> <!-- Test -->
