<?xml version="1.0" encoding="UTF-8"?>
<testng-results skipped="0" failed="0" ignored="0" total="6" passed="6">
  <reporter-output>
  </reporter-output>
  <suite name="Command line suite" duration-ms="264" started-at="2020-08-30T15:39:27Z" finished-at="2020-08-30T15:39:27Z">
    <groups>
    </groups>
    <test name="Command line test" duration-ms="264" started-at="2020-08-30T15:39:27Z" finished-at="2020-08-30T15:39:27Z">
      <class name="qaclickacademy.AppiumTest">
        <test-method status="PASS" signature="IOSApps()[pri:0, instance:qaclickacademy.AppiumTest@1a407d53]" name="IOSApps" duration-ms="60" started-at="2020-08-30T21:09:27Z" finished-at="2020-08-30T21:09:27Z">
          <reporter-output>
          </reporter-output>
        </test-method> <!-- IOSApps -->
        <test-method status="PASS" signature="NativeAPpAndroid()[pri:0, instance:qaclickacademy.AppiumTest@1a407d53]" name="NativeAPpAndroid" duration-ms="1" started-at="2020-08-30T21:09:27Z" finished-at="2020-08-30T21:09:27Z">
          <reporter-output>
          </reporter-output>
        </test-method> <!-- NativeAPpAndroid -->
      </class> <!-- qaclickacademy.AppiumTest -->
      <class name="qaclickacademy.RESTAPITest">
        <test-method status="PASS" signature="deleteTwitter()[pri:0, instance:qaclickacademy.RESTAPITest@21bcffb5]" name="deleteTwitter" duration-ms="1" started-at="2020-08-30T21:09:27Z" finished-at="2020-08-30T21:09:27Z">
          <reporter-output>
          </reporter-output>
        </test-method> <!-- deleteTwitter -->
        <test-method status="PASS" signature="postJira()[pri:0, instance:qaclickacademy.RESTAPITest@21bcffb5]" name="postJira" duration-ms="1" started-at="2020-08-30T21:09:27Z" finished-at="2020-08-30T21:09:27Z">
          <reporter-output>
          </reporter-output>
        </test-method> <!-- postJira -->
      </class> <!-- qaclickacademy.RESTAPITest -->
      <class name="qaclickacademy.SeleniumTest">
        <test-method status="PASS" signature="BrowserAUtomation()[pri:0, instance:qaclickacademy.SeleniumTest@380fb434]" name="BrowserAUtomation" duration-ms="1" started-at="2020-08-30T21:09:27Z" finished-at="2020-08-30T21:09:27Z">
          <reporter-output>
          </reporter-output>
        </test-method> <!-- BrowserAUtomation -->
        <test-method status="PASS" signature="elementsUi()[pri:0, instance:qaclickacademy.SeleniumTest@380fb434]" name="elementsUi" duration-ms="1" started-at="2020-08-30T21:09:27Z" finished-at="2020-08-30T21:09:27Z">
          <reporter-output>
          </reporter-output>
        </test-method> <!-- elementsUi -->
      </class> <!-- qaclickacademy.SeleniumTest -->
    </test> <!-- Command line test -->
  </suite> <!-- Command line suite -->
</testng-results>
